<?xml version="1.0" encoding="UTF-8"?>
<testng-results skipped="0" failed="0" ignored="0" total="1" passed="1">
  <reporter-output>
  </reporter-output>
  <suite name="Default suite" duration-ms="5921" started-at="2020-10-25T12:28:21 IST" finished-at="2020-10-25T12:28:27 IST">
    <groups>
    </groups>
    <test name="Default test" duration-ms="5921" started-at="2020-10-25T12:28:21 IST" finished-at="2020-10-25T12:28:27 IST">
      <class name="com.test.APIAutomationPetStore.tests.PetStoreDelete">
        <test-method status="PASS" signature="intilization()[pri:0, instance:com.test.APIAutomationPetStore.tests.PetStoreDelete@33f88ab]" name="intilization" is-config="true" duration-ms="4" started-at="2020-10-25T12:28:21 IST" finished-at="2020-10-25T12:28:21 IST">
          <reporter-output>
          </reporter-output>
        </test-method> <!-- intilization -->
        <test-method status="PASS" signature="deletePet()[pri:0, instance:com.test.APIAutomationPetStore.tests.PetStoreDelete@33f88ab]" name="deletePet" duration-ms="5871" started-at="2020-10-25T12:28:21 IST" finished-at="2020-10-25T12:28:27 IST">
          <reporter-output>
          </reporter-output>
        </test-method> <!-- deletePet -->
      </class> <!-- com.test.APIAutomationPetStore.tests.PetStoreDelete -->
    </test> <!-- Default test -->
  </suite> <!-- Default suite -->
</testng-results>
