<?xml version="1.0" encoding="UTF-8"?>
<!-- Generated by org.testng.reporters.JUnitXMLReporter -->
<testsuite hostname="Pankajs-MacBook-Air.local" ignored="0" name="Test" tests="4" failures="0" timestamp="2020-10-25T11:58:20 IST" time="9.099" errors="0">
  <testcase name="getAllAvailablePets" time="3.577" classname="com.test.APIAutomationPetStore.tests.GetAllAvailablePets"/>
  <testcase name="postNewPet" time="1.885" classname="com.test.APIAutomationPetStore.tests.PetStorePost"/>
  <testcase name="updateStatus" time="1.588" classname="com.test.APIAutomationPetStore.tests.PetStorePut"/>
  <testcase name="deletePet" time="1.986" classname="com.test.APIAutomationPetStore.tests.PetStoreDelete"/>
</testsuite> <!-- Test -->
